2025-10-29 16:20:52.845 xcodebuild[5360:19829698]  DVTFilePathFSEvents: Failed to start fs event stream.
2025-10-29 16:20:53.351 xcodebuild[5360:19829683] [MT] DVTDeveloperPaths: Failed to get length of DARWIN_USER_CACHE_DIR from confstr(3), error = Error Domain=NSPOSIXErrorDomain Code=5 "Input/output error". Using NSCachesDirectory instead.
2025-10-29 16:20:53.929 xcodebuild[5360:19829818] CoreSimulatorService connection became invalid.  Simulator services will no longer be available.
2025-10-29 16:20:53.929 xcodebuild[5360:19829820] Logging connecton invalid: <OS_xpc_error: <dictionary: 0x1ef9f2bf0> { count = 1, transaction: 0, voucher = 0x0, contents =
	"XPCErrorDescription" => <string: 0x1ef9f2d38> { length = 18, contents = "Connection invalid" }
}>
2025-10-29 16:20:53.931 xcodebuild[5360:19829820] Error opening log file (/Users/slava/Library/Logs/CoreSimulator/CoreSimulator.com.apple.dt.xcodebuild.log): Operation not permitted
[-[SimServiceContext sendRequest:]:1743] ERROR : Unable to deliver request ({
    "developer_dir" = "/Users/slava/Downloads/Xcode 26.app/Contents/Developer";
    request = "set_developer_dir";
}) because we are not connected to CoreSimulatorService.
Command line invocation:
    "/Users/slava/Downloads/Xcode 26.app/Contents/Developer/usr/bin/xcodebuild" clean build -scheme dafoma_77 CODE_SIGN_IDENTITY= CODE_SIGNING_REQUIRED=NO CODE_SIGNING_ALLOWED=NO

Build settings from command line:
    CODE_SIGN_IDENTITY = 
    CODE_SIGNING_ALLOWED = NO
    CODE_SIGNING_REQUIRED = NO

2025-10-29 16:20:54.037 xcodebuild[5360:19829683] [MT] DVTAssertions: Warning in DVTFrameworks/DVTFoundation/FileTypes/DVTFileDataTypeDetection.m:79
Details:  detectedTypeIdentifier (com.apple.xml-property-list) does not conform to matchedTypeIdentifier in MagicFileDataTypeDetector extenson com.apple.property-list. When both are specified, this conformance is required unless overridden by setting allowNonInheritance. extension.identifier:Xcode.MagicFileDataTypeDetector.XMLPlist
Object:   <DVTFileDataTypeDetectionMagicCache: 0x11689a650>
Method:   -initWithExtension:
Thread:   <_NSMainThread: 0x145e044c0>{number = 1, name = main}
Please file a bug at https://feedbackassistant.apple.com with this warning message and any useful information you can provide.
2025-10-29 16:20:54.039 xcodebuild[5360:19829683] [MT] DVTAssertions: Warning in DVTFrameworks/DVTFoundation/FileTypes/DVTFileDataTypeDetection.m:79
Details:  detectedTypeIdentifier (com.apple.binary-property-list) does not conform to matchedTypeIdentifier in MagicFileDataTypeDetector extenson com.apple.property-list. When both are specified, this conformance is required unless overridden by setting allowNonInheritance. extension.identifier:Xcode.MagicFileDataTypeDetector.BinaryPlist
Object:   <DVTFileDataTypeDetectionMagicCache: 0x116eb4180>
Method:   -initWithExtension:
Thread:   <_NSMainThread: 0x145e044c0>{number = 1, name = main}
Please file a bug at https://feedbackassistant.apple.com with this warning message and any useful information you can provide.
[-[SimServiceContext initWithDeveloperDir:connectionType:error:]:450] WARN  : Unable to discover any Simulator runtimes. Developer Directory is /Users/slava/Downloads/Xcode 26.app/Contents/Developer.
[-[SimDiskImageManager init]:175] ERROR : Could not kickstart simdiskimaged; SimDiskImageManager services will not be available: Error Domain=NSPOSIXErrorDomain Code=53 "Software caused connection abort" UserInfo={NSLocalizedDescription=Error returned in reply from CoreSimulatorService: Connection invalid}
[-[SimDiskImageManager _onQueue_checkConnection:]:239] ERROR : simdiskimaged returned error (invalid), marking disconnected.
[-[SimDiskImageManager _onQueue_checkConnection:]:239] ERROR : simdiskimaged returned error (invalid), marking disconnected.
[-[SimServiceContext initWithDeveloperDir:connectionType:error:]_block_invoke:486] ERROR : Could not get list of trusted mount directories: Error Domain=com.apple.CoreSimulator.SimError Code=410 "The service used to manage runtime disk images (simdiskimaged) crashed or is not responding" UserInfo={NSLocalizedDescription=The service used to manage runtime disk images (simdiskimaged) crashed or is not responding}
[-[SimServiceContext sendRequest:reply:error:]:1763] ERROR : Unable to deliver request ({
    request = "notification_subscription";
    "set_path" = "/Users/slava/Library/Developer/CoreSimulator/Devices";
}) because we are not connected to CoreSimulatorService.
2025-10-29 16:20:54.115 xcodebuild[5360:19829698] Error Domain=NSPOSIXErrorDomain Code=61 "Connection refused" UserInfo={NSLocalizedDescription=CoreSimulatorService connection became invalid.  Simulator services will no longer be available.}
[-[SimServiceContext sendRequest:reply:error:]:1763] ERROR : Unable to deliver request ({
    request = "notification_subscription";
    "set_path" = "/Users/slava/Library/Developer/CoreSimulator/Devices";
}) because we are not connected to CoreSimulatorService.
2025-10-29 16:20:54.116 xcodebuild[5360:19829698]  iOSSimulator: [SimServiceContext defaultDeviceSetWithError:] returned nil (Error Domain=NSPOSIXErrorDomain Code=61 "Connection refused" UserInfo={NSLocalizedFailureReason=Failed to subscribe to notifications from CoreSimulatorService., NSLocalizedDescription=Failed to initialize simulator device set., NSUnderlyingError=0x11730bff0 {Error Domain=NSPOSIXErrorDomain Code=61 "Connection refused" UserInfo={NSLocalizedDescription=CoreSimulatorService connection became invalid.  Simulator services will no longer be available.}}}). Simulator device support disabled.
2025-10-29 16:20:54.116 xcodebuild[5360:19829697] Error Domain=NSPOSIXErrorDomain Code=61 "Connection refused" UserInfo={NSLocalizedDescription=CoreSimulatorService connection became invalid.  Simulator services will no longer be available.}
2025-10-29 16:20:54.116 xcodebuild[5360:19829697]  IDESimulatorAvailability: startObservingSimulatorUpdates() FAILED to register SimDeviceSet observer
2025-10-29 16:20:54.178 xcodebuild[5360:19829843]  DVTProvisioningProfileManager: Failed to load profile "/Users/slava/Library/Developer/Xcode/UserData/Provisioning Profiles/0c024dbf-ee17-49f6-91ee-340a6c2f28c5.mobileprovision" (Error Domain=DVTProvisioningProfileProviderErrorDomain Code=1 "Failed to load profile." UserInfo={NSLocalizedDescription=Failed to load profile., NSLocalizedRecoverySuggestion=Profile is missing the required UUID property.})
2025-10-29 16:20:54.178 xcodebuild[5360:19829821]  DVTProvisioningProfileManager: Failed to load profile "/Users/slava/Library/Developer/Xcode/UserData/Provisioning Profiles/0ba78798-4c5d-4393-bc2d-997c39b4ee88.mobileprovision" (Error Domain=DVTProvisioningProfileProviderErrorDomain Code=1 "Failed to load profile." UserInfo={NSLocalizedDescription=Failed to load profile., NSLocalizedRecoverySuggestion=Profile is missing the required UUID property.})
2025-10-29 16:20:54.179 xcodebuild[5360:19829820]  DVTProvisioningProfileManager: Failed to load profile "/Users/slava/Library/Developer/Xcode/UserData/Provisioning Profiles/929e3dd9-4374-4f89-82ce-ac8bec8c5da2.mobileprovision" (Error Domain=DVTProvisioningProfileProviderErrorDomain Code=1 "Failed to load profile." UserInfo={NSLocalizedDescription=Failed to load profile., NSLocalizedRecoverySuggestion=Profile is missing the required UUID property.})
2025-10-29 16:20:54.179 xcodebuild[5360:19829827]  DVTProvisioningProfileManager: Failed to load profile "/Users/slava/Library/Developer/Xcode/UserData/Provisioning Profiles/7e20a778-e5b9-414b-a416-ffb2f347d155.mobileprovision" (Error Domain=DVTProvisioningProfileProviderErrorDomain Code=1 "Failed to load profile." UserInfo={NSLocalizedDescription=Failed to load profile., NSLocalizedRecoverySuggestion=Profile is missing the required UUID property.})
2025-10-29 16:20:54.179 xcodebuild[5360:19829698]  DVTProvisioningProfileManager: Failed to load profile "/Users/slava/Library/Developer/Xcode/UserData/Provisioning Profiles/1124847b-34d1-4ef0-8976-be8d14d1204b.mobileprovision" (Error Domain=DVTProvisioningProfileProviderErrorDomain Code=1 "Failed to load profile." UserInfo={NSLocalizedDescription=Failed to load profile., NSLocalizedRecoverySuggestion=Profile is missing the required UUID property.})
2025-10-29 16:20:54.179 xcodebuild[5360:19829833]  DVTProvisioningProfileManager: Failed to load profile "/Users/slava/Library/Developer/Xcode/UserData/Provisioning Profiles/90f9b66d-7415-4007-b3aa-0a9446df76e2.mobileprovision" (Error Domain=DVTProvisioningProfileProviderErrorDomain Code=1 "Failed to load profile." UserInfo={NSLocalizedDescription=Failed to load profile., NSLocalizedRecoverySuggestion=Profile is missing the required UUID property.})
2025-10-29 16:20:54.179 xcodebuild[5360:19829844]  DVTProvisioningProfileManager: Failed to load profile "/Users/slava/Library/Developer/Xcode/UserData/Provisioning Profiles/e9817fd8-7eee-43a8-a96c-9af71962815d.mobileprovision" (Error Domain=DVTProvisioningProfileProviderErrorDomain Code=1 "Failed to load profile." UserInfo={NSLocalizedDescription=Failed to load profile., NSLocalizedRecoverySuggestion=Profile is missing the required UUID property.})
2025-10-29 16:20:54.179 xcodebuild[5360:19829697]  DVTProvisioningProfileManager: Failed to load profile "/Users/slava/Library/Developer/Xcode/UserData/Provisioning Profiles/1512cfa3-c0e4-4d4b-966b-d3f9f0ee16dc.mobileprovision" (Error Domain=DVTProvisioningProfileProviderErrorDomain Code=1 "Failed to load profile." UserInfo={NSLocalizedDescription=Failed to load profile., NSLocalizedRecoverySuggestion=Profile is missing the required UUID property.})
2025-10-29 16:20:54.183 xcodebuild[5360:19829843]  DVTProvisioningProfileManager: Failed to load profile "/Users/slava/Library/Developer/Xcode/UserData/Provisioning Profiles/8e094347-1be8-4d23-9d6f-534631e6a4eb.mobileprovision" (Error Domain=DVTProvisioningProfileProviderErrorDomain Code=1 "Failed to load profile." UserInfo={NSLocalizedDescription=Failed to load profile., NSLocalizedRecoverySuggestion=Profile is missing the required UUID property.})
2025-10-29 16:20:54.183 xcodebuild[5360:19829820]  DVTProvisioningProfileManager: Failed to load profile "/Users/slava/Library/Developer/Xcode/UserData/Provisioning Profiles/9aa23ecf-aacc-4da4-bb2c-d1c1387641ca.mobileprovision" (Error Domain=DVTProvisioningProfileProviderErrorDomain Code=1 "Failed to load profile." UserInfo={NSLocalizedDescription=Failed to load profile., NSLocalizedRecoverySuggestion=Profile is missing the required UUID property.})
2025-10-29 16:20:54.183 xcodebuild[5360:19829698]  DVTProvisioningProfileManager: Failed to load profile "/Users/slava/Library/Developer/Xcode/UserData/Provisioning Profiles/ec7c4b47-1ab7-4599-8da4-c237280081ac.mobileprovision" (Error Domain=DVTProvisioningProfileProviderErrorDomain Code=1 "Failed to load profile." UserInfo={NSLocalizedDescription=Failed to load profile., NSLocalizedRecoverySuggestion=Profile is missing the required UUID property.})
2025-10-29 16:20:54.184 xcodebuild[5360:19829821]  DVTProvisioningProfileManager: Failed to load profile "/Users/slava/Library/Developer/Xcode/UserData/Provisioning Profiles/076fbf6c-d305-4eca-8fd4-656837d21121.mobileprovision" (Error Domain=DVTProvisioningProfileProviderErrorDomain Code=1 "Failed to load profile." UserInfo={NSLocalizedDescription=Failed to load profile., NSLocalizedRecoverySuggestion=Profile is missing the required UUID property.})
2025-10-29 16:20:54.184 xcodebuild[5360:19829833]  DVTProvisioningProfileManager: Failed to load profile "/Users/slava/Library/Developer/Xcode/UserData/Provisioning Profiles/fb54dbcb-34a3-4e02-babb-5f170d63c91e.mobileprovision" (Error Domain=DVTProvisioningProfileProviderErrorDomain Code=1 "Failed to load profile." UserInfo={NSLocalizedDescription=Failed to load profile., NSLocalizedRecoverySuggestion=Profile is missing the required UUID property.})
2025-10-29 16:20:54.185 xcodebuild[5360:19829827]  DVTProvisioningProfileManager: Failed to load profile "/Users/slava/Library/Developer/Xcode/UserData/Provisioning Profiles/f3efb55c-f3ce-414a-a9bf-b13e39ea8c6a.mobileprovision" (Error Domain=DVTProvisioningProfileProviderErrorDomain Code=1 "Failed to load profile." UserInfo={NSLocalizedDescription=Failed to load profile., NSLocalizedRecoverySuggestion=Profile is missing the required UUID property.})
2025-10-29 16:20:54.185 xcodebuild[5360:19829697]  DVTProvisioningProfileManager: Failed to load profile "/Users/slava/Library/Developer/Xcode/UserData/Provisioning Profiles/1334cec4-0a6c-49c0-9676-ccb61558be9a.mobileprovision" (Error Domain=DVTProvisioningProfileProviderErrorDomain Code=1 "Failed to load profile." UserInfo={NSLocalizedDescription=Failed to load profile., NSLocalizedRecoverySuggestion=Profile is missing the required UUID property.})
2025-10-29 16:20:54.185 xcodebuild[5360:19829844]  DVTProvisioningProfileManager: Failed to load profile "/Users/slava/Library/Developer/Xcode/UserData/Provisioning Profiles/e7454fb1-f70d-4515-b012-5a487cbadac4.mobileprovision" (Error Domain=DVTProvisioningProfileProviderErrorDomain Code=1 "Failed to load profile." UserInfo={NSLocalizedDescription=Failed to load profile., NSLocalizedRecoverySuggestion=Profile is missing the required UUID property.})
2025-10-29 16:20:54.188 xcodebuild[5360:19829698]  DVTProvisioningProfileManager: Failed to load profile "/Users/slava/Library/Developer/Xcode/UserData/Provisioning Profiles/9fd26702-857a-46e5-9e46-da1bc29f6872.mobileprovision" (Error Domain=DVTProvisioningProfileProviderErrorDomain Code=1 "Failed to load profile." UserInfo={NSLocalizedDescription=Failed to load profile., NSLocalizedRecoverySuggestion=Profile is missing the required UUID property.})
2025-10-29 16:20:54.189 xcodebuild[5360:19829843]  DVTProvisioningProfileManager: Failed to load profile "/Users/slava/Library/Developer/Xcode/UserData/Provisioning Profiles/9d99c776-1fa1-4f29-9e50-7626866d4948.mobileprovision" (Error Domain=DVTProvisioningProfileProviderErrorDomain Code=1 "Failed to load profile." UserInfo={NSLocalizedDescription=Failed to load profile., NSLocalizedRecoverySuggestion=Profile is missing the required UUID property.})
2025-10-29 16:20:54.189 xcodebuild[5360:19829833]  DVTProvisioningProfileManager: Failed to load profile "/Users/slava/Library/Developer/Xcode/UserData/Provisioning Profiles/720247d9-24fb-48f8-a058-e3b2f7ce1449.mobileprovision" (Error Domain=DVTProvisioningProfileProviderErrorDomain Code=1 "Failed to load profile." UserInfo={NSLocalizedDescription=Failed to load profile., NSLocalizedRecoverySuggestion=Profile is missing the required UUID property.})
2025-10-29 16:20:54.190 xcodebuild[5360:19829820]  DVTProvisioningProfileManager: Failed to load profile "/Users/slava/Library/Developer/Xcode/UserData/Provisioning Profiles/123bfa9f-02ed-4552-bd1c-33644882433b.mobileprovision" (Error Domain=DVTProvisioningProfileProviderErrorDomain Code=1 "Failed to load profile." UserInfo={NSLocalizedDescription=Failed to load profile., NSLocalizedRecoverySuggestion=Profile is missing the required UUID property.})
2025-10-29 16:20:54.191 xcodebuild[5360:19829821]  DVTProvisioningProfileManager: Failed to load profile "/Users/slava/Library/Developer/Xcode/UserData/Provisioning Profiles/05caab36-88dd-45d6-baea-3127115c2102.mobileprovision" (Error Domain=DVTProvisioningProfileProviderErrorDomain Code=1 "Failed to load profile." UserInfo={NSLocalizedDescription=Failed to load profile., NSLocalizedRecoverySuggestion=Profile is missing the required UUID property.})
2025-10-29 16:20:54.192 xcodebuild[5360:19829844]  DVTProvisioningProfileManager: Failed to load profile "/Users/slava/Library/Developer/Xcode/UserData/Provisioning Profiles/d5f7f540-e972-4e32-8f2e-f2bf6b82f964.mobileprovision" (Error Domain=DVTProvisioningProfileProviderErrorDomain Code=1 "Failed to load profile." UserInfo={NSLocalizedDescription=Failed to load profile., NSLocalizedRecoverySuggestion=Profile is missing the required UUID property.})
2025-10-29 16:20:54.192 xcodebuild[5360:19829697]  DVTProvisioningProfileManager: Failed to load profile "/Users/slava/Library/Developer/Xcode/UserData/Provisioning Profiles/a459e79b-c38b-458d-9633-eb19f0d5df86.mobileprovision" (Error Domain=DVTProvisioningProfileProviderErrorDomain Code=1 "Failed to load profile." UserInfo={NSLocalizedDescription=Failed to load profile., NSLocalizedRecoverySuggestion=Profile is missing the required UUID property.})
2025-10-29 16:20:54.193 xcodebuild[5360:19829827]  DVTProvisioningProfileManager: Failed to load profile "/Users/slava/Library/Developer/Xcode/UserData/Provisioning Profiles/04313ce7-d03f-41ff-8d31-cf8976452591.mobileprovision" (Error Domain=DVTProvisioningProfileProviderErrorDomain Code=1 "Failed to load profile." UserInfo={NSLocalizedDescription=Failed to load profile., NSLocalizedRecoverySuggestion=Profile is missing the required UUID property.})
2025-10-29 16:20:54.195 xcodebuild[5360:19829843]  DVTProvisioningProfileManager: Failed to load profile "/Users/slava/Library/Developer/Xcode/UserData/Provisioning Profiles/8ee427e9-2d1c-4c4f-b233-2626016efd62.mobileprovision" (Error Domain=DVTProvisioningProfileProviderErrorDomain Code=1 "Failed to load profile." UserInfo={NSLocalizedDescription=Failed to load profile., NSLocalizedRecoverySuggestion=Profile is missing the required UUID property.})
2025-10-29 16:20:54.196 xcodebuild[5360:19829698]  DVTProvisioningProfileManager: Failed to load profile "/Users/slava/Library/Developer/Xcode/UserData/Provisioning Profiles/ade1678d-4e12-498b-aa65-8ccd156bb251.mobileprovision" (Error Domain=DVTProvisioningProfileProviderErrorDomain Code=1 "Failed to load profile." UserInfo={NSLocalizedDescription=Failed to load profile., NSLocalizedRecoverySuggestion=Profile is missing the required UUID property.})
2025-10-29 16:20:54.198 xcodebuild[5360:19829821]  DVTProvisioningProfileManager: Failed to load profile "/Users/slava/Library/Developer/Xcode/UserData/Provisioning Profiles/8168beec-0f8f-49fb-9265-675169d404dc.mobileprovision" (Error Domain=DVTProvisioningProfileProviderErrorDomain Code=1 "Failed to load profile." UserInfo={NSLocalizedDescription=Failed to load profile., NSLocalizedRecoverySuggestion=Profile is missing the required UUID property.})
2025-10-29 16:20:54.198 xcodebuild[5360:19829833]  DVTProvisioningProfileManager: Failed to load profile "/Users/slava/Library/Developer/Xcode/UserData/Provisioning Profiles/71105a75-0f6a-4d6a-81b6-1e679f9302e3.mobileprovision" (Error Domain=DVTProvisioningProfileProviderErrorDomain Code=1 "Failed to load profile." UserInfo={NSLocalizedDescription=Failed to load profile., NSLocalizedRecoverySuggestion=Profile is missing the required UUID property.})
2025-10-29 16:20:54.198 xcodebuild[5360:19829820]  DVTProvisioningProfileManager: Failed to load profile "/Users/slava/Library/Developer/Xcode/UserData/Provisioning Profiles/084f42c4-7c94-4a5c-bb06-15abde51e87e.mobileprovision" (Error Domain=DVTProvisioningProfileProviderErrorDomain Code=1 "Failed to load profile." UserInfo={NSLocalizedDescription=Failed to load profile., NSLocalizedRecoverySuggestion=Profile is missing the required UUID property.})
2025-10-29 16:20:54.198 xcodebuild[5360:19829697]  DVTProvisioningProfileManager: Failed to load profile "/Users/slava/Library/Developer/Xcode/UserData/Provisioning Profiles/ca797466-ca4f-4dec-9ea4-a04621bb2661.mobileprovision" (Error Domain=DVTProvisioningProfileProviderErrorDomain Code=1 "Failed to load profile." UserInfo={NSLocalizedDescription=Failed to load profile., NSLocalizedRecoverySuggestion=Profile is missing the required UUID property.})
2025-10-29 16:20:54.199 xcodebuild[5360:19829844]  DVTProvisioningProfileManager: Failed to load profile "/Users/slava/Library/Developer/Xcode/UserData/Provisioning Profiles/642f4bd0-0db9-4f2f-ab4d-8d65040b2117.mobileprovision" (Error Domain=DVTProvisioningProfileProviderErrorDomain Code=1 "Failed to load profile." UserInfo={NSLocalizedDescription=Failed to load profile., NSLocalizedRecoverySuggestion=Profile is missing the required UUID property.})
2025-10-29 16:20:54.202 xcodebuild[5360:19829827]  DVTProvisioningProfileManager: Failed to load profile "/Users/slava/Library/Developer/Xcode/UserData/Provisioning Profiles/236b8c06-5552-4232-8da4-a0fad4a3a190.mobileprovision" (Error Domain=DVTProvisioningProfileProviderErrorDomain Code=1 "Failed to load profile." UserInfo={NSLocalizedDescription=Failed to load profile., NSLocalizedRecoverySuggestion=Profile is missing the required UUID property.})
2025-10-29 16:20:54.204 xcodebuild[5360:19829843]  DVTProvisioningProfileManager: Failed to load profile "/Users/slava/Library/Developer/Xcode/UserData/Provisioning Profiles/c9f47f85-7bd8-4806-98e9-671b014d7b84.mobileprovision" (Error Domain=DVTProvisioningProfileProviderErrorDomain Code=1 "Failed to load profile." UserInfo={NSLocalizedDescription=Failed to load profile., NSLocalizedRecoverySuggestion=Profile is missing the required UUID property.})
2025-10-29 16:20:54.205 xcodebuild[5360:19829698]  DVTProvisioningProfileManager: Failed to load profile "/Users/slava/Library/Developer/Xcode/UserData/Provisioning Profiles/47873e57-b0fe-4e3f-953f-f8b7b6105010.mobileprovision" (Error Domain=DVTProvisioningProfileProviderErrorDomain Code=1 "Failed to load profile." UserInfo={NSLocalizedDescription=Failed to load profile., NSLocalizedRecoverySuggestion=Profile is missing the required UUID property.})
2025-10-29 16:20:54.206 xcodebuild[5360:19829833]  DVTProvisioningProfileManager: Failed to load profile "/Users/slava/Library/Developer/Xcode/UserData/Provisioning Profiles/49a730f1-d7e2-4b3d-a39f-f4bcfccaf757.mobileprovision" (Error Domain=DVTProvisioningProfileProviderErrorDomain Code=1 "Failed to load profile." UserInfo={NSLocalizedDescription=Failed to load profile., NSLocalizedRecoverySuggestion=Profile is missing the required UUID property.})
2025-10-29 16:20:54.206 xcodebuild[5360:19829821]  DVTProvisioningProfileManager: Failed to load profile "/Users/slava/Library/Developer/Xcode/UserData/Provisioning Profiles/c05c007d-de62-4f3c-b073-f4b7890a4b05.mobileprovision" (Error Domain=DVTProvisioningProfileProviderErrorDomain Code=1 "Failed to load profile." UserInfo={NSLocalizedDescription=Failed to load profile., NSLocalizedRecoverySuggestion=Profile is missing the required UUID property.})
2025-10-29 16:20:54.207 xcodebuild[5360:19829697]  DVTProvisioningProfileManager: Failed to load profile "/Users/slava/Library/Developer/Xcode/UserData/Provisioning Profiles/0b40145d-9a32-4435-bb48-3796c55bd505.mobileprovision" (Error Domain=DVTProvisioningProfileProviderErrorDomain Code=1 "Failed to load profile." UserInfo={NSLocalizedDescription=Failed to load profile., NSLocalizedRecoverySuggestion=Profile is missing the required UUID property.})
2025-10-29 16:20:54.207 xcodebuild[5360:19829820]  DVTProvisioningProfileManager: Failed to load profile "/Users/slava/Library/Developer/Xcode/UserData/Provisioning Profiles/d9a95821-60df-4af9-b73c-068ff1594897.mobileprovision" (Error Domain=DVTProvisioningProfileProviderErrorDomain Code=1 "Failed to load profile." UserInfo={NSLocalizedDescription=Failed to load profile., NSLocalizedRecoverySuggestion=Profile is missing the required UUID property.})
2025-10-29 16:20:54.207 xcodebuild[5360:19829844]  DVTProvisioningProfileManager: Failed to load profile "/Users/slava/Library/Developer/Xcode/UserData/Provisioning Profiles/10e20b39-7bec-4a9c-81a2-0589802db063.mobileprovision" (Error Domain=DVTProvisioningProfileProviderErrorDomain Code=1 "Failed to load profile." UserInfo={NSLocalizedDescription=Failed to load profile., NSLocalizedRecoverySuggestion=Profile is missing the required UUID property.})
2025-10-29 16:20:54.209 xcodebuild[5360:19829827]  DVTProvisioningProfileManager: Failed to load profile "/Users/slava/Library/Developer/Xcode/UserData/Provisioning Profiles/a3b975cd-d20a-4eda-8826-31f22deaf60c.mobileprovision" (Error Domain=DVTProvisioningProfileProviderErrorDomain Code=1 "Failed to load profile." UserInfo={NSLocalizedDescription=Failed to load profile., NSLocalizedRecoverySuggestion=Profile is missing the required UUID property.})
2025-10-29 16:20:54.210 xcodebuild[5360:19829843]  DVTProvisioningProfileManager: Failed to load profile "/Users/slava/Library/Developer/Xcode/UserData/Provisioning Profiles/217e8dbf-a5c5-430d-8e74-ae217add743c.mobileprovision" (Error Domain=DVTProvisioningProfileProviderErrorDomain Code=1 "Failed to load profile." UserInfo={NSLocalizedDescription=Failed to load profile., NSLocalizedRecoverySuggestion=Profile is missing the required UUID property.})
2025-10-29 16:20:54.211 xcodebuild[5360:19829698]  DVTProvisioningProfileManager: Failed to load profile "/Users/slava/Library/Developer/Xcode/UserData/Provisioning Profiles/f20e4714-13d0-4376-ba04-d77a4a0c26d0.mobileprovision" (Error Domain=DVTProvisioningProfileProviderErrorDomain Code=1 "Failed to load profile." UserInfo={NSLocalizedDescription=Failed to load profile., NSLocalizedRecoverySuggestion=Profile is missing the required UUID property.})
2025-10-29 16:20:54.212 xcodebuild[5360:19829833]  DVTProvisioningProfileManager: Failed to load profile "/Users/slava/Library/Developer/Xcode/UserData/Provisioning Profiles/d51435b1-1fc4-43d1-bf10-3f32eab80033.mobileprovision" (Error Domain=DVTProvisioningProfileProviderErrorDomain Code=1 "Failed to load profile." UserInfo={NSLocalizedDescription=Failed to load profile., NSLocalizedRecoverySuggestion=Profile is missing the required UUID property.})
2025-10-29 16:20:54.213 xcodebuild[5360:19829697]  DVTProvisioningProfileManager: Failed to load profile "/Users/slava/Library/Developer/Xcode/UserData/Provisioning Profiles/b8299bd0-8991-48f5-972f-a8e767449b52.mobileprovision" (Error Domain=DVTProvisioningProfileProviderErrorDomain Code=1 "Failed to load profile." UserInfo={NSLocalizedDescription=Failed to load profile., NSLocalizedRecoverySuggestion=Profile is missing the required UUID property.})
2025-10-29 16:20:54.213 xcodebuild[5360:19829821]  DVTProvisioningProfileManager: Failed to load profile "/Users/slava/Library/Developer/Xcode/UserData/Provisioning Profiles/4e772efe-2b8d-4e42-97f4-af12e5e8d44d.mobileprovision" (Error Domain=DVTProvisioningProfileProviderErrorDomain Code=1 "Failed to load profile." UserInfo={NSLocalizedDescription=Failed to load profile., NSLocalizedRecoverySuggestion=Profile is missing the required UUID property.})
2025-10-29 16:20:54.213 xcodebuild[5360:19829844]  DVTProvisioningProfileManager: Failed to load profile "/Users/slava/Library/Developer/Xcode/UserData/Provisioning Profiles/904e52f6-c428-4811-aae6-4b4183213666.mobileprovision" (Error Domain=DVTProvisioningProfileProviderErrorDomain Code=1 "Failed to load profile." UserInfo={NSLocalizedDescription=Failed to load profile., NSLocalizedRecoverySuggestion=Profile is missing the required UUID property.})
2025-10-29 16:20:54.214 xcodebuild[5360:19829820]  DVTProvisioningProfileManager: Failed to load profile "/Users/slava/Library/Developer/Xcode/UserData/Provisioning Profiles/2432aac0-c62d-45af-a507-954bf26594b1.mobileprovision" (Error Domain=DVTProvisioningProfileProviderErrorDomain Code=1 "Failed to load profile." UserInfo={NSLocalizedDescription=Failed to load profile., NSLocalizedRecoverySuggestion=Profile is missing the required UUID property.})
2025-10-29 16:20:54.214 xcodebuild[5360:19829827]  DVTProvisioningProfileManager: Failed to load profile "/Users/slava/Library/Developer/Xcode/UserData/Provisioning Profiles/d067165f-5449-423b-bd9f-8c5e5d36ba6e.mobileprovision" (Error Domain=DVTProvisioningProfileProviderErrorDomain Code=1 "Failed to load profile." UserInfo={NSLocalizedDescription=Failed to load profile., NSLocalizedRecoverySuggestion=Profile is missing the required UUID property.})
2025-10-29 16:20:54.215 xcodebuild[5360:19829843]  DVTProvisioningProfileManager: Failed to load profile "/Users/slava/Library/Developer/Xcode/UserData/Provisioning Profiles/5d00656e-5c16-4020-8ddc-2772a8ed0c95.mobileprovision" (Error Domain=DVTProvisioningProfileProviderErrorDomain Code=1 "Failed to load profile." UserInfo={NSLocalizedDescription=Failed to load profile., NSLocalizedRecoverySuggestion=Profile is missing the required UUID property.})
2025-10-29 16:20:54.215 xcodebuild[5360:19829698]  DVTProvisioningProfileManager: Failed to load profile "/Users/slava/Library/Developer/Xcode/UserData/Provisioning Profiles/bc819ce5-97ef-4a4e-a46b-8571738dcedc.mobileprovision" (Error Domain=DVTProvisioningProfileProviderErrorDomain Code=1 "Failed to load profile." UserInfo={NSLocalizedDescription=Failed to load profile., NSLocalizedRecoverySuggestion=Profile is missing the required UUID property.})
2025-10-29 16:20:54.218 xcodebuild[5360:19829827]  DVTProvisioningProfileManager: Failed to load profile "/Users/slava/Library/MobileDevice/Provisioning Profiles/5f8f8724-4eee-480b-a41a-e633a1dd8b18.mobileprovision" (Error Domain=DVTProvisioningProfileProviderErrorDomain Code=1 "Failed to load profile." UserInfo={NSLocalizedDescription=Failed to load profile., NSLocalizedRecoverySuggestion=Profile is missing the required UUID property.})
2025-10-29 16:20:54.219 xcodebuild[5360:19829843]  DVTProvisioningProfileManager: Failed to load profile "/Users/slava/Library/MobileDevice/Provisioning Profiles/d1db696b-e120-4b74-84ae-d5da89107f2c.mobileprovision" (Error Domain=DVTProvisioningProfileProviderErrorDomain Code=1 "Failed to load profile." UserInfo={NSLocalizedDescription=Failed to load profile., NSLocalizedRecoverySuggestion=Profile is missing the required UUID property.})
2025-10-29 16:20:54.219 xcodebuild[5360:19829698]  DVTProvisioningProfileManager: Failed to load profile "/Users/slava/Library/MobileDevice/Provisioning Profiles/817357d9-9902-4643-bea5-40efa30a0675.mobileprovision" (Error Domain=DVTProvisioningProfileProviderErrorDomain Code=1 "Failed to load profile." UserInfo={NSLocalizedDescription=Failed to load profile., NSLocalizedRecoverySuggestion=Profile is missing the required UUID property.})
2025-10-29 16:20:54.798 xcodebuild[5360:19829683] [MT] IDERunDestination: Supported platforms for the buildables in the current scheme is empty.
--- xcodebuild: WARNING: Using the first of multiple matching destinations:
{ platform:iOS, id:dvtdevice-DVTiPhonePlaceholder-iphoneos:placeholder, name:Any iOS Device }
{ platform:iOS Simulator, id:dvtdevice-DVTiOSDeviceSimulatorPlaceholder-iphonesimulator:placeholder, name:Any iOS Simulator Device }
Build Preparation
Couldn't create workspace arena folder '/Users/slava/Library/Developer/Xcode/DerivedData/dafoma_77-ewsmyechudrhrodtfionpbdvxcqb': Unable to write to info file '<DVTFilePath:0x135f6c950:'/Users/slava/Library/Developer/Xcode/DerivedData/dafoma_77-ewsmyechudrhrodtfionpbdvxcqb/info.plist'>'.

** CLEAN FAILED **


The following build commands failed:
	Cleaning project dafoma_77 with scheme dafoma_77
(1 failure)
2025-10-29 16:20:54.835 xcodebuild[5360:19829697] Error saving log: Error Domain=NSPOSIXErrorDomain Code=1 "Operation not permitted" UserInfo={NSFilePath=/Users/slava/Library/Developer/Xcode/DerivedData/dafoma_77-ewsmyechudrhrodtfionpbdvxcqb/Logs/Build/8F7F4C56-F7A8-491F-A0D0-B9DD0F6D2CFD.xcactivitylog, NSLocalizedDescription=Operation not permitted} | User info: {
    NSFilePath = "/Users/slava/Library/Developer/Xcode/DerivedData/dafoma_77-ewsmyechudrhrodtfionpbdvxcqb/Logs/Build/8F7F4C56-F7A8-491F-A0D0-B9DD0F6D2CFD.xcactivitylog";
    NSLocalizedDescription = "Operation not permitted";
}
--- xcodebuild: WARNING: Using the first of multiple matching destinations:
{ platform:iOS, id:dvtdevice-DVTiPhonePlaceholder-iphoneos:placeholder, name:Any iOS Device }
{ platform:iOS Simulator, id:dvtdevice-DVTiOSDeviceSimulatorPlaceholder-iphonesimulator:placeholder, name:Any iOS Simulator Device }
Build Preparation
Couldn't create workspace arena folder '/Users/slava/Library/Developer/Xcode/DerivedData/dafoma_77-ewsmyechudrhrodtfionpbdvxcqb': Unable to write to info file '<DVTFilePath:0x135f6c950:'/Users/slava/Library/Developer/Xcode/DerivedData/dafoma_77-ewsmyechudrhrodtfionpbdvxcqb/info.plist'>'.

2025-10-29 16:20:54.841 xcodebuild[5360:19829697] Error saving log: Error Domain=NSPOSIXErrorDomain Code=1 "Operation not permitted" UserInfo={NSFilePath=/Users/slava/Library/Developer/Xcode/DerivedData/dafoma_77-ewsmyechudrhrodtfionpbdvxcqb/Logs/Build/269FECE8-6303-4395-A81B-C96FD5A72046.xcactivitylog, NSLocalizedDescription=Operation not permitted} | User info: {
    NSFilePath = "/Users/slava/Library/Developer/Xcode/DerivedData/dafoma_77-ewsmyechudrhrodtfionpbdvxcqb/Logs/Build/269FECE8-6303-4395-A81B-C96FD5A72046.xcactivitylog";
    NSLocalizedDescription = "Operation not permitted";
}
** BUILD FAILED **


The following build commands failed:
	Building project dafoma_77 with scheme dafoma_77
(1 failure)
